<?xml version="1.0" encoding="UTF-8"?>
<!-- Generated by org.testng.reporters.JUnitReportReporter -->
<testsuite hostname="Rohit_kumar" failures="0" tests="6" name="TestPakage.TextBoxPageTest" time="5.027" errors="0" timestamp="2024-06-25T17:19:11 IST" skipped="0">
  <testcase classname="TestPakage.TextBoxPageTest" name="click_on_close" time="0.217"/>
  <system-out/>
  <testcase classname="TestPakage.TextBoxPageTest" name="click_on_practice" time="1.960"/>
  <system-out/>
  <testcase classname="TestPakage.TextBoxPageTest" name="click_on_element" time="0.088"/>
  <system-out/>
  <testcase classname="TestPakage.TextBoxPageTest" name="click_on_text_box" time="0.100"/>
  <system-out/>
  <testcase classname="TestPakage.TextBoxPageTest" name="details" time="2.206"/>
  <system-out/>
  <testcase classname="TestPakage.TextBoxPageTest" name="Copy_Details_Of_List" time="0.456"/>
  <system-out/>
</testsuite> <!-- TestPakage.TextBoxPageTest -->
