<?xml version="1.0" encoding="UTF-8"?>
<!-- Generated by org.testng.reporters.JUnitReportReporter -->
<testsuite hostname="Rohit_kumar" failures="0" tests="5" name="TestPakage.UploadAndDownloadPageTest" time="9.755" errors="0" timestamp="2024-09-17T19:39:28 IST" skipped="0">
  <testcase classname="TestPakage.UploadAndDownloadPageTest" name="click_on_close" time="3.449"/>
  <system-out/>
  <testcase classname="TestPakage.UploadAndDownloadPageTest" name="click_on_practice" time="3.980"/>
  <system-out/>
  <testcase classname="TestPakage.UploadAndDownloadPageTest" name="click_on_element" time="0.242"/>
  <system-out/>
  <testcase classname="TestPakage.UploadAndDownloadPageTest" name="Click_On_Upload_And_Download" time="0.248"/>
  <system-out/>
  <testcase classname="TestPakage.UploadAndDownloadPageTest" name="Click_On_Choose_File" time="1.836"/>
  <system-out/>
</testsuite> <!-- TestPakage.UploadAndDownloadPageTest -->
