<?xml version="1.0" encoding="UTF-8"?>
<!-- Generated by org.testng.reporters.JUnitReportReporter -->
<testsuite hostname="Rohit_kumar" failures="0" tests="8" name="TestPakage.SelectMenuPageTest" time="15.912" errors="0" timestamp="2024-09-17T10:44:19 IST" skipped="0">
  <testcase classname="TestPakage.SelectMenuPageTest" name="click_on_close" time="2.262"/>
  <system-out/>
  <testcase classname="TestPakage.SelectMenuPageTest" name="click_on_practice" time="1.693"/>
  <system-out/>
  <testcase classname="TestPakage.SelectMenuPageTest" name="click_on_widget" time="0.202"/>
  <system-out/>
  <testcase classname="TestPakage.SelectMenuPageTest" name="click_on_selectmenu" time="5.245"/>
  <system-out/>
  <testcase classname="TestPakage.SelectMenuPageTest" name="select_group" time="0.512"/>
  <system-out/>
  <testcase classname="TestPakage.SelectMenuPageTest" name="Select_One" time="0.421"/>
  <system-out/>
  <testcase classname="TestPakage.SelectMenuPageTest" name="Old_Select" time="0.266"/>
  <system-out/>
  <testcase classname="TestPakage.SelectMenuPageTest" name="Multi_Select" time="5.311"/>
  <system-out/>
</testsuite> <!-- TestPakage.SelectMenuPageTest -->
