<?xml version="1.0" encoding="UTF-8"?>
<!-- Generated by org.testng.reporters.JUnitReportReporter -->
<testsuite hostname="Rohit_kumar" failures="0" tests="5" name="TestPakage.LinkPageTest" time="10.365" errors="0" timestamp="2024-07-04T15:01:28 IST" skipped="0">
  <testcase classname="TestPakage.LinkPageTest" name="click_on_close" time="3.122"/>
  <system-out/>
  <testcase classname="TestPakage.LinkPageTest" name="click_on_practice" time="1.818"/>
  <system-out/>
  <testcase classname="TestPakage.LinkPageTest" name="click_on_element" time="0.069"/>
  <system-out/>
  <testcase classname="TestPakage.LinkPageTest" name="click_on_links" time="3.102"/>
  <system-out/>
  <testcase classname="TestPakage.LinkPageTest" name="Click_On_DemoPage" time="2.254"/>
  <system-out/>
</testsuite> <!-- TestPakage.LinkPageTest -->
