<?xml version="1.0" encoding="UTF-8"?>
<!-- Generated by org.testng.reporters.JUnitReportReporter -->
<testsuite hostname="Rohit_kumar" failures="0" tests="5" name="TestPakage.ToolTipsPageTest" time="6.407" errors="0" timestamp="2024-06-26T00:09:28 IST" skipped="0">
  <testcase classname="TestPakage.ToolTipsPageTest" name="click_on_close" time="2.085"/>
  <system-out/>
  <testcase classname="TestPakage.ToolTipsPageTest" name="click_on_practice" time="1.894"/>
  <system-out/>
  <testcase classname="TestPakage.ToolTipsPageTest" name="click_on_widget" time="0.086"/>
  <system-out/>
  <testcase classname="TestPakage.ToolTipsPageTest" name="click_on_tooltips" time="2.100"/>
  <system-out/>
  <testcase classname="TestPakage.ToolTipsPageTest" name="getattribute_hover_text" time="0.242"/>
  <system-out/>
</testsuite> <!-- TestPakage.ToolTipsPageTest -->
