<?xml version="1.0" encoding="UTF-8"?>
<!-- Generated by org.testng.reporters.JUnitReportReporter -->
<testsuite hostname="Rohit_kumar" failures="0" tests="5" name="TestPakage.NestedFramePageTest" time="7.186" errors="0" timestamp="2024-06-25T23:35:42 IST" skipped="0">
  <testcase classname="TestPakage.NestedFramePageTest" name="click_on_close" time="2.114"/>
  <system-out/>
  <testcase classname="TestPakage.NestedFramePageTest" name="click_on_practice" time="1.974"/>
  <system-out/>
  <testcase classname="TestPakage.NestedFramePageTest" name="Click_on_AlertFrameWindows" time="0.226"/>
  <system-out/>
  <testcase classname="TestPakage.NestedFramePageTest" name="Click_Nested_Frame" time="2.117"/>
  <system-out/>
  <testcase classname="TestPakage.NestedFramePageTest" name="Enter_In_Parent_Child_Frame" time="0.755"/>
  <system-out/>
</testsuite> <!-- TestPakage.NestedFramePageTest -->
