<?xml version="1.0" encoding="UTF-8"?>
<!-- Generated by org.testng.reporters.JUnitReportReporter -->
<testsuite hostname="Rohit_kumar" failures="0" tests="5" name="TestPakage.ButtonPageTest" time="9.424" errors="0" timestamp="2024-06-25T17:19:11 IST" skipped="0">
  <testcase classname="TestPakage.ButtonPageTest" name="click_on_close" time="3.092"/>
  <system-out/>
  <testcase classname="TestPakage.ButtonPageTest" name="click_on_practice" time="2.463"/>
  <system-out/>
  <testcase classname="TestPakage.ButtonPageTest" name="click_on_element" time="0.071"/>
  <system-out/>
  <testcase classname="TestPakage.ButtonPageTest" name="Click_on_Button" time="3.113"/>
  <system-out/>
  <testcase classname="TestPakage.ButtonPageTest" name="Click_Demo" time="0.685"/>
  <system-out/>
</testsuite> <!-- TestPakage.ButtonPageTest -->
