<?xml version="1.0" encoding="UTF-8"?>
<!-- Generated by org.testng.reporters.JUnitReportReporter -->
<testsuite hostname="Rohit_kumar" failures="0" tests="6" name="TestPakage.WebTablePageTest" time="16.000" errors="0" timestamp="2024-06-25T17:19:11 IST" skipped="0">
  <testcase classname="TestPakage.WebTablePageTest" name="click_on_close" time="5.075"/>
  <system-out/>
  <testcase classname="TestPakage.WebTablePageTest" name="click_on_practice" time="2.525"/>
  <system-out/>
  <testcase classname="TestPakage.WebTablePageTest" name="click_on_element" time="0.091"/>
  <system-out/>
  <testcase classname="TestPakage.WebTablePageTest" name="Click_On_WebTable" time="5.109"/>
  <system-out/>
  <testcase classname="TestPakage.WebTablePageTest" name="Get_Details" time="1.290"/>
  <system-out/>
  <testcase classname="TestPakage.WebTablePageTest" name="Edit_Details" time="1.910"/>
  <system-out/>
</testsuite> <!-- TestPakage.WebTablePageTest -->
