<?xml version="1.0" encoding="UTF-8"?>
<!-- Generated by org.testng.reporters.JUnitReportReporter -->
<testsuite hostname="Rohit_kumar" failures="0" tests="4" name="TestPakage.LoginPageTest" time="2.057" errors="0" timestamp="2024-06-21T13:40:03 IST" skipped="0">
  <testcase classname="TestPakage.LoginPageTest" name="Title" time="0.021"/>
  <system-out/>
  <testcase classname="TestPakage.LoginPageTest" name="URL" time="0.012"/>
  <system-out/>
  <testcase classname="TestPakage.LoginPageTest" name="clickonpractice" time="1.923"/>
  <system-out/>
  <testcase classname="TestPakage.LoginPageTest" name="clickonclose" time="0.101"/>
  <system-out/>
</testsuite> <!-- TestPakage.LoginPageTest -->
