<?xml version="1.0" encoding="UTF-8"?>
<!-- Generated by org.testng.reporters.JUnitReportReporter -->
<testsuite hostname="Rohit_kumar" failures="0" tests="5" name="TestPakage.FramePageTest" time="7.997" errors="0" timestamp="2024-09-17T12:08:11 IST" skipped="0">
  <testcase classname="TestPakage.FramePageTest" name="click_on_close" time="2.477"/>
  <system-out/>
  <testcase classname="TestPakage.FramePageTest" name="click_on_practice" time="1.696"/>
  <system-out/>
  <testcase classname="TestPakage.FramePageTest" name="Click_on_AlertFrameWindows" time="0.283"/>
  <system-out/>
  <testcase classname="TestPakage.FramePageTest" name="Frame" time="3.260"/>
  <system-out/>
  <testcase classname="TestPakage.FramePageTest" name="Move_Small_To_BigFrame" time="0.281"/>
  <system-out/>
</testsuite> <!-- TestPakage.FramePageTest -->
