<?xml version="1.0" encoding="UTF-8"?>
<!-- Generated by org.testng.reporters.JUnitReportReporter -->
<testsuite hostname="Rohit_kumar" failures="0" tests="8" name="TestPakage.AlertPageTest" time="10.400" errors="0" timestamp="2024-06-25T23:57:39 IST" skipped="0">
  <testcase classname="TestPakage.AlertPageTest" name="click_on_close" time="2.081"/>
  <system-out/>
  <testcase classname="TestPakage.AlertPageTest" name="click_on_practice" time="1.970"/>
  <system-out/>
  <testcase classname="TestPakage.AlertPageTest" name="Click_on_AlertFrameWindows" time="0.186"/>
  <system-out/>
  <testcase classname="TestPakage.AlertPageTest" name="Click_On_Alert" time="0.706"/>
  <system-out/>
  <testcase classname="TestPakage.AlertPageTest" name="Click_on_SeeAlert" time="0.149"/>
  <system-out/>
  <testcase classname="TestPakage.AlertPageTest" name="Click_On_5Sec" time="5.114"/>
  <system-out/>
  <testcase classname="TestPakage.AlertPageTest" name="Click_On_ConfirmBox" time="0.087"/>
  <system-out/>
  <testcase classname="TestPakage.AlertPageTest" name="Click_On_PromteBox" time="0.107"/>
  <system-out/>
</testsuite> <!-- TestPakage.AlertPageTest -->
