<?xml version="1.0" encoding="UTF-8"?>
<!-- Generated by org.testng.reporters.JUnitReportReporter -->
<testsuite hostname="Rohit_kumar" failures="0" tests="7" name="TestPakage.BrowserWindowsPageTest" time="34.428" errors="0" timestamp="2024-06-25T23:45:51 IST" skipped="0">
  <testcase classname="TestPakage.BrowserWindowsPageTest" name="click_on_close" time="0.151"/>
  <system-out/>
  <testcase classname="TestPakage.BrowserWindowsPageTest" name="click_on_practice" time="1.867"/>
  <system-out/>
  <testcase classname="TestPakage.BrowserWindowsPageTest" name="Click_on_AlertFrameWindows" time="0.171"/>
  <system-out/>
  <testcase classname="TestPakage.BrowserWindowsPageTest" name="Click_On_Browser_Windows" time="0.081"/>
  <system-out/>
  <testcase classname="TestPakage.BrowserWindowsPageTest" name="Click_On_NewTab" time="21.516"/>
  <system-out/>
  <testcase classname="TestPakage.BrowserWindowsPageTest" name="Click_On_NewWindows" time="0.374"/>
  <system-out/>
  <testcase classname="TestPakage.BrowserWindowsPageTest" name="Click_On_New_Windows_Message" time="10.268"/>
  <system-out/>
</testsuite> <!-- TestPakage.BrowserWindowsPageTest -->
